make --dry-run --keep-going --print-directory
make: Entering directory '/home/moxx/Projects/hpc2/project/parallelFEM'
( cd Lib ; make )
make[1]: Entering directory '/home/moxx/Projects/hpc2/project/parallelFEM/Lib'
make[1]: Nothing to be done for 'all'.
make[1]: Leaving directory '/home/moxx/Projects/hpc2/project/parallelFEM/Lib'
( cd Demo ; make )
make[1]: Entering directory '/home/moxx/Projects/hpc2/project/parallelFEM/Demo'
( cd ../Lib ; make )
 
make[2]: Entering directory '/home/moxx/Projects/hpc2/project/parallelFEM/Lib'
make[2]: Nothing to be done for 'all'.
make[2]: Leaving directory '/home/moxx/Projects/hpc2/project/parallelFEM/Lib'
 
gcc    -O3 -I../Include -o hpc_demo1 hpc_demo1.c  ../Lib/libhpc.a -lm
gcc    -O3 -I../Include -o hpc_demo2 hpc_demo2.c  ../Lib/libhpc.a -lm
./hpc_demo1 problem1 2
./hpc_demo1 problem1 4
make[1]: Leaving directory '/home/moxx/Projects/hpc2/project/parallelFEM/Demo'
 
( cd Test ; make )
 
make[1]: Entering directory '/home/moxx/Projects/hpc2/project/parallelFEM/Test'
( cd ../Lib ; make )
 
make[2]: Entering directory '/home/moxx/Projects/hpc2/project/parallelFEM/Lib'
make[2]: Nothing to be done for 'all'.
make[2]: Leaving directory '/home/moxx/Projects/hpc2/project/parallelFEM/Lib'
 
gcc    -D_DEBUG -O3 -I../Include -o test_mesh_split test_mesh_split.c  ../Lib/libhpc.a -lm
 
./test_mesh_split
make[1]: Leaving directory '/home/moxx/Projects/hpc2/project/parallelFEM/Test'
 
make: Leaving directory '/home/moxx/Projects/hpc2/project/parallelFEM'
 
